
/home/runner/work/exp-logistic-population-growth-au/exp-logistic-population-growth-au/experiment/simulation/js/simcontrols.js
   18:7    warning  'select_iteration_int' is assigned a value but never used  no-unused-vars
   24:7    warning  'theta' is assigned a value but never used                 no-unused-vars
   39:21   warning  'prev_input2' is not defined                               no-undef
   39:35   warning  'prev_input3' is not defined                               no-undef
   39:49   warning  'prev_input4' is not defined                               no-undef
   39:63   warning  'prev_input5' is not defined                               no-undef
   39:77   warning  'prev_input6' is not defined                               no-undef
   40:19   warning  'prev_inp2' is not defined                                 no-undef
   40:31   warning  'prev_inp3' is not defined                                 no-undef
   40:43   warning  'prev_inp4' is not defined                                 no-undef
   40:55   warning  'prev_inp5' is not defined                                 no-undef
   40:67   warning  'prev_inp6' is not defined                                 no-undef
   73:7    warning  'con_bif_X_arr' is assigned a value but never used         no-unused-vars
   95:12   warning  'tabClickCon' is defined but never used                    no-unused-vars
  102:12   warning  'tabClickDis' is defined but never used                    no-unused-vars
  108:3    warning  '$' is not defined                                         no-undef
  110:5    warning  'tabFunctions' is not defined                              no-undef
  111:2    warning  '$' is not defined                                         no-undef
  112:2    warning  '$' is not defined                                         no-undef
  114:19   warning  'simPath' is not defined                                   no-undef
  115:19   warning  'simPath' is not defined                                   no-undef
  118:26   warning  '$' is not defined                                         no-undef
  119:26   warning  '$' is not defined                                         no-undef
  121:26   warning  '$' is not defined                                         no-undef
  122:29   warning  '$' is not defined                                         no-undef
  124:2    warning  '$' is not defined                                         no-undef
  125:1    warning  Mixed spaces and tabs                                      no-mixed-spaces-and-tabs
  125:4    warning  '$' is not defined                                         no-undef
  126:1    warning  Mixed spaces and tabs                                      no-mixed-spaces-and-tabs
  126:4    warning  '$' is not defined                                         no-undef
  127:1    warning  Mixed spaces and tabs                                      no-mixed-spaces-and-tabs
  127:4    warning  '$' is not defined                                         no-undef
  128:1    warning  Mixed spaces and tabs                                      no-mixed-spaces-and-tabs
  129:1    warning  Mixed spaces and tabs                                      no-mixed-spaces-and-tabs
  130:1    warning  Mixed spaces and tabs                                      no-mixed-spaces-and-tabs
  131:1    warning  Mixed spaces and tabs                                      no-mixed-spaces-and-tabs
  132:1    warning  Mixed spaces and tabs                                      no-mixed-spaces-and-tabs
  137:1    warning  Mixed spaces and tabs                                      no-mixed-spaces-and-tabs
  137:6    warning  '$' is not defined                                         no-undef
  138:3    warning  '$' is not defined                                         no-undef
  139:3    warning  '$' is not defined                                         no-undef
  140:3    warning  '$' is not defined                                         no-undef
  141:1    warning  Mixed spaces and tabs                                      no-mixed-spaces-and-tabs
  142:1    warning  Mixed spaces and tabs                                      no-mixed-spaces-and-tabs
  143:1    warning  Mixed spaces and tabs                                      no-mixed-spaces-and-tabs
  143:6    warning  '$' is not defined                                         no-undef
  144:1    warning  Mixed spaces and tabs                                      no-mixed-spaces-and-tabs
  145:1    warning  Mixed spaces and tabs                                      no-mixed-spaces-and-tabs
  145:6    warning  '$' is not defined                                         no-undef
  146:1    warning  Mixed spaces and tabs                                      no-mixed-spaces-and-tabs
  149:2    warning  '$' is not defined                                         no-undef
  150:1    warning  Mixed spaces and tabs                                      no-mixed-spaces-and-tabs
  150:4    warning  '$' is not defined                                         no-undef
  151:1    warning  Mixed spaces and tabs                                      no-mixed-spaces-and-tabs
  151:4    warning  '$' is not defined                                         no-undef
  152:1    warning  Mixed spaces and tabs                                      no-mixed-spaces-and-tabs
  152:4    warning  '$' is not defined                                         no-undef
  153:1    warning  Mixed spaces and tabs                                      no-mixed-spaces-and-tabs
  153:4    warning  '$' is not defined                                         no-undef
  154:1    warning  Mixed spaces and tabs                                      no-mixed-spaces-and-tabs
  154:4    warning  '$' is not defined                                         no-undef
  155:1    warning  Mixed spaces and tabs                                      no-mixed-spaces-and-tabs
  156:1    warning  Mixed spaces and tabs                                      no-mixed-spaces-and-tabs
  157:1    warning  Mixed spaces and tabs                                      no-mixed-spaces-and-tabs
  158:1    warning  Mixed spaces and tabs                                      no-mixed-spaces-and-tabs
  158:11   warning  '$' is not defined                                         no-undef
  159:1    warning  Mixed spaces and tabs                                      no-mixed-spaces-and-tabs
  160:1    warning  Mixed spaces and tabs                                      no-mixed-spaces-and-tabs
  161:2    warning  Mixed spaces and tabs                                      no-mixed-spaces-and-tabs
  163:1    warning  Mixed spaces and tabs                                      no-mixed-spaces-and-tabs
  164:1    warning  Mixed spaces and tabs                                      no-mixed-spaces-and-tabs
  164:11   warning  '$' is not defined                                         no-undef
  165:1    warning  Mixed spaces and tabs                                      no-mixed-spaces-and-tabs
  166:1    warning  Mixed spaces and tabs                                      no-mixed-spaces-and-tabs
  167:2    warning  Mixed spaces and tabs                                      no-mixed-spaces-and-tabs
  169:1    warning  Mixed spaces and tabs                                      no-mixed-spaces-and-tabs
  172:2    warning  '$' is not defined                                         no-undef
  173:1    warning  Mixed spaces and tabs                                      no-mixed-spaces-and-tabs
  173:9    warning  '$' is not defined                                         no-undef
  174:1    warning  Mixed spaces and tabs                                      no-mixed-spaces-and-tabs
  175:3    warning  '$' is not defined                                         no-undef
  176:1    warning  Mixed spaces and tabs                                      no-mixed-spaces-and-tabs
  177:9    warning  '$' is not defined                                         no-undef
  178:3    warning  '$' is not defined                                         no-undef
  179:1    warning  Mixed spaces and tabs                                      no-mixed-spaces-and-tabs
  179:6    warning  '$' is not defined                                         no-undef
  182:1    warning  Mixed spaces and tabs                                      no-mixed-spaces-and-tabs
  182:13   warning  '$' is not defined                                         no-undef
  183:1    warning  Mixed spaces and tabs                                      no-mixed-spaces-and-tabs
  184:1    warning  Mixed spaces and tabs                                      no-mixed-spaces-and-tabs
  185:2    warning  Mixed spaces and tabs                                      no-mixed-spaces-and-tabs
  186:2    warning  Mixed spaces and tabs                                      no-mixed-spaces-and-tabs
  187:1    warning  Mixed spaces and tabs                                      no-mixed-spaces-and-tabs
  188:1    warning  Mixed spaces and tabs                                      no-mixed-spaces-and-tabs
  188:13   warning  '$' is not defined                                         no-undef
  189:1    warning  Mixed spaces and tabs                                      no-mixed-spaces-and-tabs
  190:1    warning  Mixed spaces and tabs                                      no-mixed-spaces-and-tabs
  191:2    warning  Mixed spaces and tabs                                      no-mixed-spaces-and-tabs
  192:2    warning  Mixed spaces and tabs                                      no-mixed-spaces-and-tabs
  193:1    warning  Mixed spaces and tabs                                      no-mixed-spaces-and-tabs
  194:1    warning  Mixed spaces and tabs                                      no-mixed-spaces-and-tabs
  197:2    warning  '$' is not defined                                         no-undef
  198:1    warning  Mixed spaces and tabs                                      no-mixed-spaces-and-tabs
  201:2    warning  '$' is not defined                                         no-undef
  202:1    warning  Mixed spaces and tabs                                      no-mixed-spaces-and-tabs
  202:4    warning  '$' is not defined                                         no-undef
  204:1    warning  Mixed spaces and tabs                                      no-mixed-spaces-and-tabs
  205:3    warning  '$' is not defined                                         no-undef
  206:2    warning  Mixed spaces and tabs                                      no-mixed-spaces-and-tabs
  207:2    warning  Mixed spaces and tabs                                      no-mixed-spaces-and-tabs
  208:2    warning  Mixed spaces and tabs                                      no-mixed-spaces-and-tabs
  209:2    warning  Mixed spaces and tabs                                      no-mixed-spaces-and-tabs
  210:2    warning  Mixed spaces and tabs                                      no-mixed-spaces-and-tabs
  211:2    warning  Mixed spaces and tabs                                      no-mixed-spaces-and-tabs
  212:2    warning  Mixed spaces and tabs                                      no-mixed-spaces-and-tabs
  213:2    warning  Mixed spaces and tabs                                      no-mixed-spaces-and-tabs
  215:1    warning  Mixed spaces and tabs                                      no-mixed-spaces-and-tabs
  216:1    warning  Mixed spaces and tabs                                      no-mixed-spaces-and-tabs
  217:1    warning  Mixed spaces and tabs                                      no-mixed-spaces-and-tabs
  217:4    warning  '$' is not defined                                         no-undef
  218:1    warning  Mixed spaces and tabs                                      no-mixed-spaces-and-tabs
  218:6    warning  '$' is not defined                                         no-undef
  219:3    warning  '$' is not defined                                         no-undef
  221:2    warning  Mixed spaces and tabs                                      no-mixed-spaces-and-tabs
  222:2    warning  Mixed spaces and tabs                                      no-mixed-spaces-and-tabs
  222:5    warning  '$' is not defined                                         no-undef
  223:2    warning  Mixed spaces and tabs                                      no-mixed-spaces-and-tabs
  223:5    warning  'x' is not defined                                         no-undef
  224:2    warning  Mixed spaces and tabs                                      no-mixed-spaces-and-tabs
  224:5    warning  'y' is not defined                                         no-undef
  225:2    warning  Mixed spaces and tabs                                      no-mixed-spaces-and-tabs
  225:48   warning  'x' is not defined                                         no-undef
  225:64   warning  'y' is not defined                                         no-undef
  227:2    warning  Mixed spaces and tabs                                      no-mixed-spaces-and-tabs
  227:5    warning  '$' is not defined                                         no-undef
  228:2    warning  Mixed spaces and tabs                                      no-mixed-spaces-and-tabs
  230:1    warning  Mixed spaces and tabs                                      no-mixed-spaces-and-tabs
  235:2    warning  '$' is not defined                                         no-undef
  236:1    warning  Mixed spaces and tabs                                      no-mixed-spaces-and-tabs
  237:1    warning  Mixed spaces and tabs                                      no-mixed-spaces-and-tabs
  238:1    warning  Mixed spaces and tabs                                      no-mixed-spaces-and-tabs
  240:1    warning  Mixed spaces and tabs                                      no-mixed-spaces-and-tabs
  248:1    warning  Mixed spaces and tabs                                      no-mixed-spaces-and-tabs
  250:1    warning  Mixed spaces and tabs                                      no-mixed-spaces-and-tabs
  252:1    warning  Mixed spaces and tabs                                      no-mixed-spaces-and-tabs
  254:1    warning  Mixed spaces and tabs                                      no-mixed-spaces-and-tabs
  261:1    warning  Mixed spaces and tabs                                      no-mixed-spaces-and-tabs
  261:4    warning  '$' is not defined                                         no-undef
  263:1    warning  Mixed spaces and tabs                                      no-mixed-spaces-and-tabs
  263:4    warning  '$' is not defined                                         no-undef
  268:11   warning  'w' is not defined                                         no-undef
  268:18   warning  'w' is not defined                                         no-undef
  268:23   warning  '$' is not defined                                         no-undef
  268:53   warning  'w' is not defined                                         no-undef
  269:20   warning  'w' is not defined                                         no-undef
  271:11   warning  'h' is not defined                                         no-undef
  271:18   warning  'h' is not defined                                         no-undef
  271:23   warning  '$' is not defined                                         no-undef
  271:54   warning  'h' is not defined                                         no-undef
  272:1    warning  Mixed spaces and tabs                                      no-mixed-spaces-and-tabs
  272:17   warning  'h' is not defined                                         no-undef
  277:2    warning  '$' is not defined                                         no-undef
  277:9    warning  '$' is not defined                                         no-undef
  279:1    warning  Mixed spaces and tabs                                      no-mixed-spaces-and-tabs
  280:1    warning  Mixed spaces and tabs                                      no-mixed-spaces-and-tabs
  282:1    warning  Mixed spaces and tabs                                      no-mixed-spaces-and-tabs
  283:1    warning  Mixed spaces and tabs                                      no-mixed-spaces-and-tabs
  284:1    warning  Mixed spaces and tabs                                      no-mixed-spaces-and-tabs
  286:1    warning  Mixed spaces and tabs                                      no-mixed-spaces-and-tabs
  287:1    warning  Mixed spaces and tabs                                      no-mixed-spaces-and-tabs
  288:1    warning  Mixed spaces and tabs                                      no-mixed-spaces-and-tabs
  289:1    warning  Mixed spaces and tabs                                      no-mixed-spaces-and-tabs
  290:1    warning  Mixed spaces and tabs                                      no-mixed-spaces-and-tabs
  295:2    warning  '$' is not defined                                         no-undef
  295:9    warning  '$' is not defined                                         no-undef
  297:1    warning  Mixed spaces and tabs                                      no-mixed-spaces-and-tabs
  298:1    warning  Mixed spaces and tabs                                      no-mixed-spaces-and-tabs
  300:1    warning  Mixed spaces and tabs                                      no-mixed-spaces-and-tabs
  301:1    warning  Mixed spaces and tabs                                      no-mixed-spaces-and-tabs
  302:1    warning  Mixed spaces and tabs                                      no-mixed-spaces-and-tabs
  304:1    warning  Mixed spaces and tabs                                      no-mixed-spaces-and-tabs
  305:1    warning  Mixed spaces and tabs                                      no-mixed-spaces-and-tabs
  306:1    warning  Mixed spaces and tabs                                      no-mixed-spaces-and-tabs
  307:1    warning  Mixed spaces and tabs                                      no-mixed-spaces-and-tabs
  308:1    warning  Mixed spaces and tabs                                      no-mixed-spaces-and-tabs
  313:2    warning  '$' is not defined                                         no-undef
  313:9    warning  '$' is not defined                                         no-undef
  315:1    warning  Mixed spaces and tabs                                      no-mixed-spaces-and-tabs
  316:1    warning  Mixed spaces and tabs                                      no-mixed-spaces-and-tabs
  318:1    warning  Mixed spaces and tabs                                      no-mixed-spaces-and-tabs
  319:1    warning  Mixed spaces and tabs                                      no-mixed-spaces-and-tabs
  320:1    warning  Mixed spaces and tabs                                      no-mixed-spaces-and-tabs
  322:1    warning  Mixed spaces and tabs                                      no-mixed-spaces-and-tabs
  323:1    warning  Mixed spaces and tabs                                      no-mixed-spaces-and-tabs
  324:1    warning  Mixed spaces and tabs                                      no-mixed-spaces-and-tabs
  325:1    warning  Mixed spaces and tabs                                      no-mixed-spaces-and-tabs
  326:1    warning  Mixed spaces and tabs                                      no-mixed-spaces-and-tabs
  331:2    warning  '$' is not defined                                         no-undef
  331:9    warning  '$' is not defined                                         no-undef
  333:1    warning  Mixed spaces and tabs                                      no-mixed-spaces-and-tabs
  334:1    warning  Mixed spaces and tabs                                      no-mixed-spaces-and-tabs
  336:1    warning  Mixed spaces and tabs                                      no-mixed-spaces-and-tabs
  337:1    warning  Mixed spaces and tabs                                      no-mixed-spaces-and-tabs
  338:1    warning  Mixed spaces and tabs                                      no-mixed-spaces-and-tabs
  340:1    warning  Mixed spaces and tabs                                      no-mixed-spaces-and-tabs
  341:1    warning  Mixed spaces and tabs                                      no-mixed-spaces-and-tabs
  342:1    warning  Mixed spaces and tabs                                      no-mixed-spaces-and-tabs
  343:1    warning  Mixed spaces and tabs                                      no-mixed-spaces-and-tabs
  344:1    warning  Mixed spaces and tabs                                      no-mixed-spaces-and-tabs
  350:1    warning  Mixed spaces and tabs                                      no-mixed-spaces-and-tabs
  350:8    warning  '$' is not defined                                         no-undef
  355:2    warning  Mixed spaces and tabs                                      no-mixed-spaces-and-tabs
  363:3    warning  'dataPlotArray1' is not defined                            no-undef
  364:3    warning  'dataPlotArray2' is not defined                            no-undef
  365:3    warning  'dataPlotArray3' is not defined                            no-undef
  366:3    warning  'dataPlotArray4' is not defined                            no-undef
  368:2    warning  Mixed spaces and tabs                                      no-mixed-spaces-and-tabs
  369:2    warning  Mixed spaces and tabs                                      no-mixed-spaces-and-tabs
  369:5    warning  'dataPlotArray1' is not defined                            no-undef
  370:2    warning  Mixed spaces and tabs                                      no-mixed-spaces-and-tabs
  371:2    warning  Mixed spaces and tabs                                      no-mixed-spaces-and-tabs
  371:5    warning  'dataPlotArray2' is not defined                            no-undef
  372:2    warning  Mixed spaces and tabs                                      no-mixed-spaces-and-tabs
  373:2    warning  Mixed spaces and tabs                                      no-mixed-spaces-and-tabs
  373:5    warning  'dataPlotArray3' is not defined                            no-undef
  374:2    warning  Mixed spaces and tabs                                      no-mixed-spaces-and-tabs
  375:2    warning  Mixed spaces and tabs                                      no-mixed-spaces-and-tabs
  375:5    warning  'dataPlotArray4' is not defined                            no-undef
  376:2    warning  Mixed spaces and tabs                                      no-mixed-spaces-and-tabs
  376:19   warning  'dataPlotArray1' is not defined                            no-undef
  376:34   warning  'dataPlotArray2' is not defined                            no-undef
  376:49   warning  'dataPlotArray3' is not defined                            no-undef
  376:64   warning  'dataPlotArray4' is not defined                            no-undef
  378:1    warning  Mixed spaces and tabs                                      no-mixed-spaces-and-tabs
  378:15   warning  '$' is not defined                                         no-undef
  379:1    warning  Mixed spaces and tabs                                      no-mixed-spaces-and-tabs
  381:11   warning  'i' is already defined                                     no-redeclare
  382:2    warning  Mixed spaces and tabs                                      no-mixed-spaces-and-tabs
  385:2    warning  Mixed spaces and tabs                                      no-mixed-spaces-and-tabs
  389:3    warning  'dataPlotArray5' is not defined                            no-undef
  391:2    warning  Mixed spaces and tabs                                      no-mixed-spaces-and-tabs
  392:2    warning  Mixed spaces and tabs                                      no-mixed-spaces-and-tabs
  392:5    warning  'dataPlotArray5' is not defined                            no-undef
  393:2    warning  Mixed spaces and tabs                                      no-mixed-spaces-and-tabs
  393:29   warning  'dataPlotArray5' is not defined                            no-undef
  395:1    warning  Mixed spaces and tabs                                      no-mixed-spaces-and-tabs
  395:15   warning  '$' is not defined                                         no-undef
  396:1    warning  Mixed spaces and tabs                                      no-mixed-spaces-and-tabs
  399:2    warning  Mixed spaces and tabs                                      no-mixed-spaces-and-tabs
  405:3    warning  'dataPlotArray6' is not defined                            no-undef
  406:3    warning  'dataPlotArray7' is not defined                            no-undef
  407:13   warning  'i' is already defined                                     no-redeclare
  408:2    warning  Mixed spaces and tabs                                      no-mixed-spaces-and-tabs
  409:2    warning  Mixed spaces and tabs                                      no-mixed-spaces-and-tabs
  409:5    warning  'dataPlotArray6' is not defined                            no-undef
  410:2    warning  Mixed spaces and tabs                                      no-mixed-spaces-and-tabs
  411:2    warning  Mixed spaces and tabs                                      no-mixed-spaces-and-tabs
  411:5    warning  'dataPlotArray7' is not defined                            no-undef
  412:2    warning  Mixed spaces and tabs                                      no-mixed-spaces-and-tabs
  412:18   warning  'dataPlotArray6' is not defined                            no-undef
  412:33   warning  'dataPlotArray7' is not defined                            no-undef
  414:1    warning  Mixed spaces and tabs                                      no-mixed-spaces-and-tabs
  416:1    warning  Mixed spaces and tabs                                      no-mixed-spaces-and-tabs
  416:8    warning  '$' is not defined                                         no-undef
  417:1    warning  Mixed spaces and tabs                                      no-mixed-spaces-and-tabs
  420:2    warning  Mixed spaces and tabs                                      no-mixed-spaces-and-tabs
  423:2    warning  Mixed spaces and tabs                                      no-mixed-spaces-and-tabs
  428:3    warning  'dataPlotArray8' is not defined                            no-undef
  429:13   warning  'k' is already defined                                     no-redeclare
  430:2    warning  Mixed spaces and tabs                                      no-mixed-spaces-and-tabs
  431:2    warning  Mixed spaces and tabs                                      no-mixed-spaces-and-tabs
  431:5    warning  'dataPlotArray8' is not defined                            no-undef
  432:2    warning  Mixed spaces and tabs                                      no-mixed-spaces-and-tabs
  432:18   warning  'dataPlotArray8' is not defined                            no-undef
  434:1    warning  Mixed spaces and tabs                                      no-mixed-spaces-and-tabs
  434:15   warning  '$' is not defined                                         no-undef
  435:1    warning  Mixed spaces and tabs                                      no-mixed-spaces-and-tabs
  437:11   warning  'i' is already defined                                     no-redeclare
  438:2    warning  Mixed spaces and tabs                                      no-mixed-spaces-and-tabs
  441:2    warning  Mixed spaces and tabs                                      no-mixed-spaces-and-tabs
  445:3    warning  'dataPlotArray5' is not defined                            no-undef
  446:13   warning  'k' is already defined                                     no-redeclare
  447:2    warning  Mixed spaces and tabs                                      no-mixed-spaces-and-tabs
  448:2    warning  Mixed spaces and tabs                                      no-mixed-spaces-and-tabs
  448:5    warning  'dataPlotArray5' is not defined                            no-undef
  449:2    warning  Mixed spaces and tabs                                      no-mixed-spaces-and-tabs
  449:29   warning  'dataPlotArray5' is not defined                            no-undef
  451:1    warning  Mixed spaces and tabs                                      no-mixed-spaces-and-tabs
  451:15   warning  '$' is not defined                                         no-undef
  452:1    warning  Mixed spaces and tabs                                      no-mixed-spaces-and-tabs
  454:1    warning  Mixed spaces and tabs                                      no-mixed-spaces-and-tabs
  455:2    warning  Mixed spaces and tabs                                      no-mixed-spaces-and-tabs
  457:1    warning  Mixed spaces and tabs                                      no-mixed-spaces-and-tabs
  461:3    warning  'dataPlotArray9' is not defined                            no-undef
  462:3    warning  'dataPlotArray10' is not defined                           no-undef
  463:13   warning  'k' is already defined                                     no-redeclare
  464:2    warning  Mixed spaces and tabs                                      no-mixed-spaces-and-tabs
  465:2    warning  Mixed spaces and tabs                                      no-mixed-spaces-and-tabs
  465:5    warning  'dataPlotArray9' is not defined                            no-undef
  466:2    warning  Mixed spaces and tabs                                      no-mixed-spaces-and-tabs
  467:2    warning  Mixed spaces and tabs                                      no-mixed-spaces-and-tabs
  467:5    warning  'dataPlotArray10' is not defined                           no-undef
  468:2    warning  Mixed spaces and tabs                                      no-mixed-spaces-and-tabs
  468:18   warning  'dataPlotArray9' is not defined                            no-undef
  468:33   warning  'dataPlotArray10' is not defined                           no-undef
  470:1    warning  Mixed spaces and tabs                                      no-mixed-spaces-and-tabs
  474:12   warning  'drawSpecies' is defined but never used                    no-unused-vars
  476:1    warning  Mixed spaces and tabs                                      no-mixed-spaces-and-tabs
  478:2    warning  Mixed spaces and tabs                                      no-mixed-spaces-and-tabs
  479:2    warning  Mixed spaces and tabs                                      no-mixed-spaces-and-tabs
  480:2    warning  Mixed spaces and tabs                                      no-mixed-spaces-and-tabs
  481:2    warning  Mixed spaces and tabs                                      no-mixed-spaces-and-tabs
  482:2    warning  Mixed spaces and tabs                                      no-mixed-spaces-and-tabs
  483:2    warning  Mixed spaces and tabs                                      no-mixed-spaces-and-tabs
  485:2    warning  Mixed spaces and tabs                                      no-mixed-spaces-and-tabs
  487:1    warning  Mixed spaces and tabs                                      no-mixed-spaces-and-tabs
  488:1    warning  Mixed spaces and tabs                                      no-mixed-spaces-and-tabs
  491:1    warning  Mixed spaces and tabs                                      no-mixed-spaces-and-tabs
  492:1    warning  Mixed spaces and tabs                                      no-mixed-spaces-and-tabs
  493:2    warning  Mixed spaces and tabs                                      no-mixed-spaces-and-tabs
  494:2    warning  Mixed spaces and tabs                                      no-mixed-spaces-and-tabs
  495:2    warning  Mixed spaces and tabs                                      no-mixed-spaces-and-tabs
  496:2    warning  Mixed spaces and tabs                                      no-mixed-spaces-and-tabs
  497:2    warning  Mixed spaces and tabs                                      no-mixed-spaces-and-tabs
  498:2    warning  Mixed spaces and tabs                                      no-mixed-spaces-and-tabs
  500:2    warning  Mixed spaces and tabs                                      no-mixed-spaces-and-tabs
  502:1    warning  Mixed spaces and tabs                                      no-mixed-spaces-and-tabs
  503:1    warning  Mixed spaces and tabs                                      no-mixed-spaces-and-tabs
  522:9    warning  Unexpected constant condition                              no-constant-condition
  523:1    warning  Mixed spaces and tabs                                      no-mixed-spaces-and-tabs
  524:1    warning  Mixed spaces and tabs                                      no-mixed-spaces-and-tabs
  526:1    warning  Mixed spaces and tabs                                      no-mixed-spaces-and-tabs
  527:1    warning  Mixed spaces and tabs                                      no-mixed-spaces-and-tabs
  528:1    warning  Mixed spaces and tabs                                      no-mixed-spaces-and-tabs
  529:1    warning  Mixed spaces and tabs                                      no-mixed-spaces-and-tabs
  532:1    warning  Mixed spaces and tabs                                      no-mixed-spaces-and-tabs
  533:1    warning  Mixed spaces and tabs                                      no-mixed-spaces-and-tabs
  534:1    warning  Mixed spaces and tabs                                      no-mixed-spaces-and-tabs
  535:1    warning  Mixed spaces and tabs                                      no-mixed-spaces-and-tabs
  537:1    warning  Mixed spaces and tabs                                      no-mixed-spaces-and-tabs
  538:1    warning  Mixed spaces and tabs                                      no-mixed-spaces-and-tabs
  539:1    warning  Mixed spaces and tabs                                      no-mixed-spaces-and-tabs
  540:1    warning  Mixed spaces and tabs                                      no-mixed-spaces-and-tabs
  542:1    warning  Mixed spaces and tabs                                      no-mixed-spaces-and-tabs
  543:1    warning  Mixed spaces and tabs                                      no-mixed-spaces-and-tabs
  544:1    warning  Mixed spaces and tabs                                      no-mixed-spaces-and-tabs
  545:1    warning  Mixed spaces and tabs                                      no-mixed-spaces-and-tabs
  546:1    warning  Mixed spaces and tabs                                      no-mixed-spaces-and-tabs
  547:1    warning  Mixed spaces and tabs                                      no-mixed-spaces-and-tabs
  548:1    warning  Mixed spaces and tabs                                      no-mixed-spaces-and-tabs
  549:1    warning  Mixed spaces and tabs                                      no-mixed-spaces-and-tabs
  550:1    warning  Mixed spaces and tabs                                      no-mixed-spaces-and-tabs
  552:1    warning  Mixed spaces and tabs                                      no-mixed-spaces-and-tabs
  553:1    warning  Mixed spaces and tabs                                      no-mixed-spaces-and-tabs
  554:1    warning  Mixed spaces and tabs                                      no-mixed-spaces-and-tabs
  555:1    warning  Mixed spaces and tabs                                      no-mixed-spaces-and-tabs
  557:1    warning  Mixed spaces and tabs                                      no-mixed-spaces-and-tabs
  558:1    warning  Mixed spaces and tabs                                      no-mixed-spaces-and-tabs
  560:1    warning  Mixed spaces and tabs                                      no-mixed-spaces-and-tabs
  561:1    warning  Mixed spaces and tabs                                      no-mixed-spaces-and-tabs
  564:1    warning  Mixed spaces and tabs                                      no-mixed-spaces-and-tabs
  567:1    warning  Mixed spaces and tabs                                      no-mixed-spaces-and-tabs
  574:8    warning  Unexpected constant condition                              no-constant-condition
  575:1    warning  Mixed spaces and tabs                                      no-mixed-spaces-and-tabs
  576:1    warning  Mixed spaces and tabs                                      no-mixed-spaces-and-tabs
  578:1    warning  Mixed spaces and tabs                                      no-mixed-spaces-and-tabs
  579:1    warning  Mixed spaces and tabs                                      no-mixed-spaces-and-tabs
  579:4    warning  'nprime' is not defined                                    no-undef
  580:1    warning  Mixed spaces and tabs                                      no-mixed-spaces-and-tabs
  580:8    warning  'nprime' is not defined                                    no-undef
  581:3    warning  'nprime' is not defined                                    no-undef
  583:1    warning  Mixed spaces and tabs                                      no-mixed-spaces-and-tabs
  583:28   warning  'nprime' is not defined                                    no-undef
  586:1    warning  Mixed spaces and tabs                                      no-mixed-spaces-and-tabs
  599:1    warning  Mixed spaces and tabs                                      no-mixed-spaces-and-tabs
  603:1    warning  Mixed spaces and tabs                                      no-mixed-spaces-and-tabs
  604:1    warning  Mixed spaces and tabs                                      no-mixed-spaces-and-tabs
  605:1    warning  Mixed spaces and tabs                                      no-mixed-spaces-and-tabs
  606:2    warning  Mixed spaces and tabs                                      no-mixed-spaces-and-tabs
  607:2    warning  Mixed spaces and tabs                                      no-mixed-spaces-and-tabs
  608:1    warning  Mixed spaces and tabs                                      no-mixed-spaces-and-tabs
  609:1    warning  Mixed spaces and tabs                                      no-mixed-spaces-and-tabs
  610:3    warning  Mixed spaces and tabs                                      no-mixed-spaces-and-tabs
  611:1    warning  Mixed spaces and tabs                                      no-mixed-spaces-and-tabs
  612:1    warning  Mixed spaces and tabs                                      no-mixed-spaces-and-tabs
  613:1    warning  Mixed spaces and tabs                                      no-mixed-spaces-and-tabs
  614:1    warning  Mixed spaces and tabs                                      no-mixed-spaces-and-tabs
  616:1    warning  Mixed spaces and tabs                                      no-mixed-spaces-and-tabs
  625:1    warning  Mixed spaces and tabs                                      no-mixed-spaces-and-tabs
  630:1    warning  Mixed spaces and tabs                                      no-mixed-spaces-and-tabs
  631:1    warning  Mixed spaces and tabs                                      no-mixed-spaces-and-tabs
  632:1    warning  Mixed spaces and tabs                                      no-mixed-spaces-and-tabs
  635:2    warning  Mixed spaces and tabs                                      no-mixed-spaces-and-tabs
  636:2    warning  Mixed spaces and tabs                                      no-mixed-spaces-and-tabs
  639:1    warning  Mixed spaces and tabs                                      no-mixed-spaces-and-tabs
  640:1    warning  Mixed spaces and tabs                                      no-mixed-spaces-and-tabs
  643:2    warning  Mixed spaces and tabs                                      no-mixed-spaces-and-tabs
  644:2    warning  Mixed spaces and tabs                                      no-mixed-spaces-and-tabs
  645:2    warning  Mixed spaces and tabs                                      no-mixed-spaces-and-tabs
  647:1    warning  Mixed spaces and tabs                                      no-mixed-spaces-and-tabs
  648:1    warning  Mixed spaces and tabs                                      no-mixed-spaces-and-tabs
  649:1    warning  Mixed spaces and tabs                                      no-mixed-spaces-and-tabs
  658:1    warning  Mixed spaces and tabs                                      no-mixed-spaces-and-tabs
  659:1    warning  Mixed spaces and tabs                                      no-mixed-spaces-and-tabs
  661:1    warning  Mixed spaces and tabs                                      no-mixed-spaces-and-tabs
  662:1    warning  Mixed spaces and tabs                                      no-mixed-spaces-and-tabs
  663:1    warning  Mixed spaces and tabs                                      no-mixed-spaces-and-tabs
  667:6    warning  'con_pop_ratio' is already defined                         no-redeclare
  669:1    warning  Mixed spaces and tabs                                      no-mixed-spaces-and-tabs
  670:1    warning  Mixed spaces and tabs                                      no-mixed-spaces-and-tabs
  672:1    warning  Mixed spaces and tabs                                      no-mixed-spaces-and-tabs
  673:1    warning  Mixed spaces and tabs                                      no-mixed-spaces-and-tabs
  674:1    warning  Mixed spaces and tabs                                      no-mixed-spaces-and-tabs
  675:1    warning  Mixed spaces and tabs                                      no-mixed-spaces-and-tabs
  676:1    warning  Mixed spaces and tabs                                      no-mixed-spaces-and-tabs
  684:1    warning  Mixed spaces and tabs                                      no-mixed-spaces-and-tabs
  685:1    warning  Mixed spaces and tabs                                      no-mixed-spaces-and-tabs
  687:1    warning  Mixed spaces and tabs                                      no-mixed-spaces-and-tabs
  690:1    warning  Mixed spaces and tabs                                      no-mixed-spaces-and-tabs
  695:1    warning  Mixed spaces and tabs                                      no-mixed-spaces-and-tabs
  696:1    warning  Mixed spaces and tabs                                      no-mixed-spaces-and-tabs
  698:1    warning  Mixed spaces and tabs                                      no-mixed-spaces-and-tabs
  700:1    warning  Mixed spaces and tabs                                      no-mixed-spaces-and-tabs
  701:1    warning  Mixed spaces and tabs                                      no-mixed-spaces-and-tabs
  702:1    warning  Mixed spaces and tabs                                      no-mixed-spaces-and-tabs
  713:12   warning  'equTwoFn' is defined but never used                       no-unused-vars
  716:1    warning  Mixed spaces and tabs                                      no-mixed-spaces-and-tabs
  722:22   warning  '$' is not defined                                         no-undef
  723:21   warning  '$' is not defined                                         no-undef
  724:21   warning  '$' is not defined                                         no-undef
  725:18   warning  '$' is not defined                                         no-undef
  726:16   warning  '$' is not defined                                         no-undef
  727:18   warning  '$' is not defined                                         no-undef
  728:22   warning  '$' is not defined                                         no-undef
  729:21   warning  '$' is not defined                                         no-undef
  730:21   warning  '$' is not defined                                         no-undef
  731:18   warning  '$' is not defined                                         no-undef
  732:16   warning  '$' is not defined                                         no-undef
  733:18   warning  '$' is not defined                                         no-undef
  740:43   warning  'prev_input2' is not defined                               no-undef
  740:76   warning  'prev_input3' is not defined                               no-undef
  740:109  warning  'prev_input4' is not defined                               no-undef
  740:141  warning  'prev_input5' is not defined                               no-undef
  740:171  warning  'prev_input6' is not defined                               no-undef
  740:237  warning  'prev_inp2' is not defined                                 no-undef
  740:268  warning  'prev_inp3' is not defined                                 no-undef
  740:299  warning  'prev_inp4' is not defined                                 no-undef
  740:329  warning  'prev_inp5' is not defined                                 no-undef
  740:357  warning  'prev_inp6' is not defined                                 no-undef
  741:1    warning  Mixed spaces and tabs                                      no-mixed-spaces-and-tabs
  742:1    warning  Mixed spaces and tabs                                      no-mixed-spaces-and-tabs
  743:7    warning  '$' is not defined                                         no-undef
  744:2    warning  Mixed spaces and tabs                                      no-mixed-spaces-and-tabs
  745:2    warning  Mixed spaces and tabs                                      no-mixed-spaces-and-tabs
  746:14   warning  '$' is not defined                                         no-undef
  747:2    warning  Mixed spaces and tabs                                      no-mixed-spaces-and-tabs
  748:2    warning  Mixed spaces and tabs                                      no-mixed-spaces-and-tabs
  749:14   warning  '$' is not defined                                         no-undef
  750:2    warning  Mixed spaces and tabs                                      no-mixed-spaces-and-tabs
  751:2    warning  Mixed spaces and tabs                                      no-mixed-spaces-and-tabs
  753:1    warning  Mixed spaces and tabs                                      no-mixed-spaces-and-tabs
  754:1    warning  Mixed spaces and tabs                                      no-mixed-spaces-and-tabs
  754:10   warning  '$' is not defined                                         no-undef
  755:2    warning  Mixed spaces and tabs                                      no-mixed-spaces-and-tabs
  756:2    warning  Mixed spaces and tabs                                      no-mixed-spaces-and-tabs
  757:14   warning  '$' is not defined                                         no-undef
  758:2    warning  Mixed spaces and tabs                                      no-mixed-spaces-and-tabs
  759:2    warning  Mixed spaces and tabs                                      no-mixed-spaces-and-tabs
  760:14   warning  '$' is not defined                                         no-undef
  761:2    warning  Mixed spaces and tabs                                      no-mixed-spaces-and-tabs
  762:2    warning  Mixed spaces and tabs                                      no-mixed-spaces-and-tabs
  764:1    warning  Mixed spaces and tabs                                      no-mixed-spaces-and-tabs
  767:2    warning  'prev_input2' is not defined                               no-undef
  768:2    warning  'prev_input3' is not defined                               no-undef
  769:2    warning  'prev_input4' is not defined                               no-undef
  770:2    warning  'prev_input5' is not defined                               no-undef
  771:2    warning  'prev_input6' is not defined                               no-undef
  773:2    warning  'prev_inp2' is not defined                                 no-undef
  774:2    warning  'prev_inp3' is not defined                                 no-undef
  775:2    warning  'prev_inp4' is not defined                                 no-undef
  776:2    warning  'prev_inp5' is not defined                                 no-undef
  777:2    warning  'prev_inp6' is not defined                                 no-undef
  781:29   warning  '$' is not defined                                         no-undef
  781:58   warning  '$' is not defined                                         no-undef
  782:29   warning  '$' is not defined                                         no-undef
  782:58   warning  '$' is not defined                                         no-undef
  786:2    warning  '$' is not defined                                         no-undef
  789:2    warning  '$' is not defined                                         no-undef
  790:2    warning  '$' is not defined                                         no-undef
  791:2    warning  '$' is not defined                                         no-undef
  792:2    warning  '$' is not defined                                         no-undef
  793:2    warning  '$' is not defined                                         no-undef
  794:2    warning  '$' is not defined                                         no-undef
  798:16   warning  'prev_input2' is not defined                               no-undef
  798:30   warning  'prev_input3' is not defined                               no-undef
  798:44   warning  'prev_input4' is not defined                               no-undef
  798:58   warning  'prev_input5' is not defined                               no-undef
  798:72   warning  'prev_input6' is not defined                               no-undef
  799:17   warning  'prev_inp2' is not defined                                 no-undef
  799:29   warning  'prev_inp3' is not defined                                 no-undef
  799:41   warning  'prev_inp4' is not defined                                 no-undef
  799:53   warning  'prev_inp5' is not defined                                 no-undef
  799:65   warning  'prev_inp6' is not defined                                 no-undef
  800:1    warning  Mixed spaces and tabs                                      no-mixed-spaces-and-tabs

/home/runner/work/exp-logistic-population-growth-au/exp-logistic-population-growth-au/experiment/simulation/js/tabs.js
   9:12  warning  'tabFunctions' is defined but never used  no-unused-vars
  26:15  warning  'i' is already defined                    no-redeclare

✖ 506 problems (0 errors, 506 warnings)

